0 info it worked if it ends with ok
1 verbose cli [ 'C:\\Program Files\\nodejs\\node.exe',
1 verbose cli   'C:\\Program Files\\nodejs\\node_modules\\npm\\bin\\npm-cli.js',
1 verbose cli   'run',
1 verbose cli   'protractor' ]
2 info using npm@3.10.10
3 info using node@v6.11.3
4 verbose run-script [ 'preprotractor', 'protractor', 'postprotractor' ]
5 info lifecycle protractor-test@1.0.0~preprotractor: protractor-test@1.0.0
6 silly lifecycle protractor-test@1.0.0~preprotractor: no script for preprotractor, continuing
7 info lifecycle protractor-test@1.0.0~protractor: protractor-test@1.0.0
8 verbose lifecycle protractor-test@1.0.0~protractor: unsafe-perm in lifecycle true
9 verbose lifecycle protractor-test@1.0.0~protractor: PATH: C:\Program Files\nodejs\node_modules\npm\bin\node-gyp-bin;C:\workspace\ProtractorTest\node_modules\.bin;C:\Program Files (x86)\Intel\iCLS Client\;C:\Program Files\Intel\iCLS Client\;C:\Windows\system32;C:\Windows;C:\Windows\System32\Wbem;C:\Windows\System32\WindowsPowerShell\v1.0\;C:\Program Files (x86)\NVIDIA Corporation\PhysX\Common;C:\Program Files\Git\cmd;C:\Program Files\nodejs\;C:\Program Files\OpenVPN\bin;C:\Program Files\PuTTY\;C:\Python27\;c:\Python27\scripts;C:\apache-maven-3.3.9\bin;C:\Program Files\Java\jdk1.8.0_144\bin;C:\Program Files\PostgreSQL\9.6\bin;C:\WINDOWS\system32;C:\WINDOWS;C:\WINDOWS\System32\Wbem;C:\WINDOWS\System32\WindowsPowerShell\v1.0\;C:\Program Files (x86)\Intel\Intel(R) Management Engine Components\DAL;C:\Program Files\Intel\Intel(R) Management Engine Components\DAL;C:\Program Files (x86)\Intel\Intel(R) Management Engine Components\IPT;C:\Program Files\Intel\Intel(R) Management Engine Components\IPT;C:\Program Files (x86)\Gpg4win\..\GnuPG\bin;C:\opt\kubernetes;;C:\WINDOWS\System32\OpenSSH\;C:\Program Files\Intel\WiFi\bin\;C:\Program Files\Common Files\Intel\WirelessCommon\;C:\Users\user\AppData\Local\Microsoft\WindowsApps;;C:\Users\user\AppData\Roaming\npm;C:\Program Files\Intel\WiFi\bin\;C:\Program Files\Common Files\Intel\WirelessCommon\;C:\Users\user\AppData\Local\Programs\Microsoft VS Code\bin
10 verbose lifecycle protractor-test@1.0.0~protractor: CWD: C:\workspace\ProtractorTest
11 silly lifecycle protractor-test@1.0.0~protractor: Args: [ '/d /s /c', 'protractor conf.js' ]
12 silly lifecycle protractor-test@1.0.0~protractor: Returned: code: 105  signal: null
13 info lifecycle protractor-test@1.0.0~protractor: Failed to exec protractor script
14 verbose stack Error: protractor-test@1.0.0 protractor: `protractor conf.js`
14 verbose stack Exit status 105
14 verbose stack     at EventEmitter.<anonymous> (C:\Program Files\nodejs\node_modules\npm\lib\utils\lifecycle.js:255:16)
14 verbose stack     at emitTwo (events.js:106:13)
14 verbose stack     at EventEmitter.emit (events.js:191:7)
14 verbose stack     at ChildProcess.<anonymous> (C:\Program Files\nodejs\node_modules\npm\lib\utils\spawn.js:40:14)
14 verbose stack     at emitTwo (events.js:106:13)
14 verbose stack     at ChildProcess.emit (events.js:191:7)
14 verbose stack     at maybeClose (internal/child_process.js:920:16)
14 verbose stack     at Process.ChildProcess._handle.onexit (internal/child_process.js:230:5)
15 verbose pkgid protractor-test@1.0.0
16 verbose cwd C:\workspace\ProtractorTest
17 error Windows_NT 10.0.17134
18 error argv "C:\\Program Files\\nodejs\\node.exe" "C:\\Program Files\\nodejs\\node_modules\\npm\\bin\\npm-cli.js" "run" "protractor"
19 error node v6.11.3
20 error npm  v3.10.10
21 error code ELIFECYCLE
22 error protractor-test@1.0.0 protractor: `protractor conf.js`
22 error Exit status 105
23 error Failed at the protractor-test@1.0.0 protractor script 'protractor conf.js'.
23 error Make sure you have the latest version of node.js and npm installed.
23 error If you do, this is most likely a problem with the protractor-test package,
23 error not with npm itself.
23 error Tell the author that this fails on your system:
23 error     protractor conf.js
23 error You can get information on how to open an issue for this project with:
23 error     npm bugs protractor-test
23 error Or if that isn't available, you can get their info via:
23 error     npm owner ls protractor-test
23 error There is likely additional logging output above.
24 verbose exit [ 1, true ]
